<?xml version="1.0" encoding="UTF-8"?>
<!-- Generated by org.testng.reporters.JUnitReportReporter -->
<testsuite hostname="Manishs-MacBook-Pro.local" failures="0" tests="1" name="com.selenium.SeleniumDemo.TableDemo" time="18.347" errors="0" timestamp="2023-06-29T15:24:36 IST" skipped="0">
  <testcase classname="com.selenium.SeleniumDemo.TableDemo" name="testAlertClick" time="18.347"/>
</testsuite> <!-- com.selenium.SeleniumDemo.TableDemo -->
